<?xml version="1.0" encoding="UTF-8"?>
<testng-results ignored="1" total="1" passed="0" failed="0" skipped="0">
  <reporter-output>
  </reporter-output>
  <suite started-at="2022-09-15T02:06:03 IDT" name="Default suite" finished-at="2022-09-15T02:06:03 IDT" duration-ms="12">
    <groups>
    </groups>
    <test started-at="2022-09-15T02:06:03 IDT" name="Default test" finished-at="2022-09-15T02:06:03 IDT" duration-ms="12">
    </test> <!-- Default test -->
  </suite> <!-- Default suite -->
</testng-results>
